reg        value      delay      attrs
0x12010034 0x00000000 0x00000000 0x00000015	WRITE	PERI_CRG13[0:2] (SoC frequency configuration register)
							field ddr_clksel[0:2] (DDR clock select) val = 0x0 (mhz24)
0x12010034 0x00000000 0x00000000 0x00002015	WRITE	PERI_CRG13[0:2] (SoC frequency configuration register)
							field ddr_clksel[0:2] (DDR clock select) val = 0x0 (mhz24)
0x12010034 0x00000000 0x00000000 0x00003815	WRITE	PERI_CRG13[0:2] (SoC frequency configuration register)
							field ddr_clksel[0:2] (DDR clock select) val = 0x0 (mhz24)
0x12010034 0x00000000 0x00000000 0x0000600D	WRITE	PERI_CRG13[0:1] (SoC frequency configuration register)
							fields not found
0x1201013C 0x00000000 0x00000000 0x004D0000	READ	PERI_CRG79[0:9] (SoC frequency status register)
							field a7_sc_seled[0:2] (A7 clock switching completion indicator) val = 0x0 (mhz24)
							field a17_sc_seled[3:5] (A17 clock switching completion indicator) val = 0x0 (mhz24)
							field ddr_sc_seled[6:8] (DDR clock switching completion indicator) val = 0x0 (mhz24)
							field sysaxi_sc_seled[9:9] (SYSAXI clock switching completion indicator) val = 0x0 (mhz24)
0x12010000 0x00000000 0x00000064 0x00000000	DELAY   100
0x12010004 0x0B1183A2 0x00000000 0x000000FD	WRITE	PERI_CRG_PLL1[0:31] (APLL configuration register 1)
							field apll_fbdiv[0:11] (Integral part of the APLL frequency multiplication coefficient) val = 0x3A2
							field apll_refdiv[12:17] (Frequency divider of the APLL reference clock) val = 0x18
							field apll_fout4phasepd[20:20] (APLL FOUT output power-down control) val = 0x1 (no)
							field apll_postdivpd[21:21] (APLL FOUT output power-down control) val = 0x0 (normal)
							field apll_foutvcopd[22:22] (APLL VCO output power-down control) val = 0x0 (normal)
							field apll_pd[23:23] (APLL power-down control) val = 0x0 (normal)
							field apll_dsmpd[24:24] (APLL decimal division control) val = 0x1 (integral)
							field apll_dacpd[25:25] (APLL test signal control) val = 0x1 (down)
							field apll_bypass[26:26] (APLL clock frequency division bypass) val = 0x0 (no)
							field apll_foutvco2xpd[27:27] (APLL VCO2X output power-down control) val = 0x1 (no)
0x12010110 0x00000006 0x00000000 0x00000015	WRITE	PERI_CRG68[0:2] (UNDOCUMENTED)
							fields not found
0x12010014 0x0A50204D 0x00000000 0x000000FD	WRITE	PERI_CRG_PLL5[0:31] (DPLL configuration register 1)
							field dpll_fbdiv[0:11] (Integral part of the DPLL frequency multiplication coefficient) val = 0x4D
							field dpll_refdiv[12:17] (Frequency divider of the DPLL reference clock) val = 0x2
							field dpll_fout4phasepd[20:20] (DPLL FOUT output power-down control) val = 0x1 (no)
							field dpll_postdivpd[21:21] (DPLL POSTDIV output power-down control) val = 0x0 (normal)
							field dpll_foutvcopd[22:22] (DPLL VCO output power-down control) val = 0x1 (no)
							field dpll_pd[23:23] (DPLL power-down control) val = 0x0 (normal)
							field dpll_dsmpd[24:24] (DPLL decimal division control) val = 0x0 (decimal)
							field dpll_dacpd[25:25] (DPLL test signal control) val = 0x1 (down)
							field dpll_bypass[26:26] (DPLL clock frequency division bypass) val = 0x0 (no)
							field dpll_foutvco2xpd[27:27] (DPLL VCO2X output power-down control) val = 0x1 (no)
0x12010010 0x12C00000 0x00000000 0x000000FD	WRITE	PERI_CRG_PLL4[0:31] (DPLL configuration register 0)
							field dpll_frac[0:23] (Decimal part of the DPLL frequency multiplication coefficient) val = 0xC00000
							field dpll_postdiv1[24:26] (Level-1 output divider of DPLL) val = 0x2
							field dpll_postdiv2[28:30] (Level-2 output divider of DPLL) val = 0x1
0x12010110 0x0000008B 0x00000000 0x0000184D	WRITE	PERI_CRG68[0:9] (UNDOCUMENTED)
							fields not found
0x12010110 0x00000001 0x00000000 0x0000000D	WRITE	PERI_CRG68[0:1] (UNDOCUMENTED)
							fields not found
0x12010110 0x00000000 0x00000000 0x00001005	WRITE	PERI_CRG68[0:0] (UNDOCUMENTED)
							fields not found
0x120100E8 0x00000001 0x00000000 0x00050000	READ	PERI_CRG58[0:0] (CRG status register)
							field apll_lock[0:0] (APLL lock status) val = 0x1 (locked)
0x120100E8 0x00000007 0x00000000 0x10150000	READ	PERI_CRG58[0:2] (CRG status register)
							field apll_lock[0:0] (APLL lock status) val = 0x1 (locked)
							field dpll_lock[2:2] (DPLL lock status) val = 0x1 (locked)
0x12010034 0x00000001 0x00000000 0x00000015	WRITE	PERI_CRG13[0:2] (SoC frequency configuration register)
							field ddr_clksel[0:2] (DDR clock select) val = 0x1 (postdiv)
0x12010034 0x00000001 0x00000000 0x00002015	WRITE	PERI_CRG13[0:2] (SoC frequency configuration register)
							field ddr_clksel[0:2] (DDR clock select) val = 0x1 (postdiv)
0x12010034 0x00000003 0x00000000 0x00003815	WRITE	PERI_CRG13[0:2] (SoC frequency configuration register)
							field ddr_clksel[0:2] (DDR clock select) val = 0x3 (mhz396)
0x12010034 0x00000001 0x00000000 0x0000600D	WRITE	PERI_CRG13[0:1] (SoC frequency configuration register)
							fields not found
0x1201013C 0x0000024B 0x00000000 0x004D0000	READ	PERI_CRG79[0:9] (SoC frequency status register)
							field a7_sc_seled[0:2] (A7 clock switching completion indicator) val = 0x3 (mhz792)
							field a17_sc_seled[3:5] (A17 clock switching completion indicator) val = 0x1 (foutvco)
							field ddr_sc_seled[6:8] (DDR clock switching completion indicator) val = 0x1 (postdiv)
							field sysaxi_sc_seled[9:9] (SYSAXI clock switching completion indicator) val = 0x1 (mhz198)
0x12010000 0x00000000 0x00000190 0x00000000	DELAY   400
0x120100C0 0x00000001 0x00000000 0x00001015	WRITE	PERI_CRG48[0:2] (FMC clock and soft reset control register)
							field todo[0:0] (todo) val = 0x1
0x120100D0 0x00000002 0x00000000 0x0000003D	WRITE	unknown[0:7]
							fields not found
0x120100D8 0x00000002 0x00000000 0x0000100D	WRITE	PERI_CRG54[0:1] (DDRT and IO_HPM clock and soft reset control register)
							field todo[0:0] (todo) val = 0x0
0x12020090 0xFFFFFFFF 0x00000000 0x000000FD	WRITE	DDR_TRAINING_CFG[0:31] (UNDOCUMENTED)
							field unknown[0:31] (unknown) val = 0xFFFFFFFF
0x12020098 0x00000000 0x00000000 0x000000FD	WRITE	DDRT_training_STAT[0:31] (UNDOCUMENTED)
							field unknown[0:31] (unknown) val = 0x0
0x12020094 0xC69CE616 0x00000000 0x000000FD	WRITE	DDRT_training_PATTERN[0:31] (UNDOCUMENTED)
							field unknown[0:31] (unknown) val = 0xC69CE616
0x120200A0 0x000017FD 0x00000000 0x000000FD	WRITE	PACK_PHYINITCTRL0[0:31] (UNDOCUMENTED)
							field unknown[0:31] (unknown) val = 0x17FD
0x120D0020 0x00000001 0x00000000 0x000000FD	WRITE	unknown[0:31]
							fields not found
0x120D0000 0x00000101 0x00000000 0x000000FD	WRITE	unknown[0:31]
							fields not found
0x120A0010 0x00007855 0x00000000 0x000000FD	WRITE	PERI_PMC4[0:31] (AVS PWM output source select configuration register)
							field todo[0:0] (todo) val = 0x1
0x120A0000 0x002F00C7 0x00000000 0x000000FD	WRITE	PERI_PMC0[0:31] (Core AVS PWM configuration register)
							field todo[0:0] (todo) val = 0x1
0x120A0004 0x003300C7 0x00000000 0x000000FD	WRITE	PERI_PMC1[0:31] (A17 AVS PWM configuration register)
							field todo[0:0] (todo) val = 0x1
0x120A0008 0x002F00C7 0x00000000 0x000000FD	WRITE	PERI_PMC2[0:31] (DDR AVS PWM configuration register)
							field todo[0:0] (todo) val = 0x1
0x120A000C 0x002E00C7 0x00000000 0x000000FD	WRITE	PERI_PMC3[0:31] (MDA0 AVS PWM configuration register)
							field todo[0:0] (todo) val = 0x1
0x12145400 0x00000001 0x00000000 0x00000005	WRITE	unknown[0:0]
							fields not found
0x12145004 0x00000001 0x00000000 0x00000005	WRITE	unknown[0:0]
							fields not found
0x120300B0 0x00000001 0x00000000 0x00000005	WRITE	unknown[0:0]
							fields not found
0x1203000C 0x00000000 0x00000000 0x000000FD	WRITE	MISC_CTRL3[0:31] (Power switch control register)
							field todo[0:0] (todo) val = 0x0
0x1203013C 0x001F0000 0x00000000 0x000000FD	WRITE	unknown[0:31]
							fields not found
0x12030000 0x00000003 0x00000000 0x0000680D	WRITE	MISC_CTRL0[0:1] (VICAP/VPSS/MIPI PHY control register)
							field todo[0:0] (todo) val = 0x1
0x120100B0 0x00000001 0x00000000 0x00004015	WRITE	PERI_CRG44[0:2] (PCIe CTRL clock and soft reset control register)
							field todo[0:0] (todo) val = 0x1
0x12030160 0x00000132 0x00000000 0x000000FD	WRITE	MISC_CTRL88[0:31] (Peripheral bus priority control register)
							field todo[0:0] (todo) val = 0x0
0x12060100 0x00001680 0x00000000 0x000000FD	WRITE	unknown[0:31]
							fields not found
0x12060104 0x51050024 0x00000000 0x000000FD	WRITE	unknown[0:31]
							fields not found
0x12068040 0x00002401 0x00000000 0x000000FD	WRITE	unknown[0:31]
							fields not found
0x12068050 0x00C10226 0x00000000 0x000000FD	WRITE	unknown[0:31]
							fields not found
0x12068060 0x00000142 0x00000000 0x000000FD	WRITE	unknown[0:31]
							fields not found
0x12068048 0x00000000 0x00000000 0x000000FD	WRITE	unknown[0:31]
							fields not found
0x12068058 0x00000000 0x00000000 0x000000FD	WRITE	unknown[0:31]
							fields not found
0x12068100 0x34421A12 0x00000000 0x000000FD	WRITE	unknown[0:31]
							fields not found
0x12068104 0x4144B48D 0x00000000 0x000000FD	WRITE	unknown[0:31]
							fields not found
0x12068108 0x5401106E 0x00000000 0x000000FD	WRITE	unknown[0:31]
							fields not found
0x1206810C 0x57896724 0x00000000 0x000000FD	WRITE	unknown[0:31]
							fields not found
0x12068110 0x00800000 0x00000000 0x000000FD	WRITE	unknown[0:31]
							fields not found
0x12068114 0x00041308 0x00000000 0x000000FD	WRITE	unknown[0:31]
							fields not found
0x12068118 0x00000066 0x00000000 0x000000FD	WRITE	unknown[0:31]
							fields not found
0x120680A0 0x00000001 0x00000000 0x000000FD	WRITE	unknown[0:31]
							fields not found
0x12068200 0x100F0000 0x00000000 0x000000FD	WRITE	unknown[0:31]
							fields not found
0x1206C01C 0x5DC00080 0x00000000 0x000000FD	WRITE	unknown[0:31]
							fields not found
0x1206C010 0x000A00C0 0x00000000 0x000000FD	WRITE	unknown[0:31]
							fields not found
0x1206C014 0xF000F000 0x00000000 0x000000FD	WRITE	unknown[0:31]
							fields not found
0x1206C030 0x34892221 0x00000000 0x000000FD	WRITE	unknown[0:31]
							fields not found
0x1206C034 0x168D1285 0x00000000 0x000000FD	WRITE	unknown[0:31]
							fields not found
0x1206C038 0x20082208 0x00000000 0x000000FD	WRITE	unknown[0:31]
							fields not found
0x1206C03C 0x0000052C 0x00000000 0x000000FD	WRITE	unknown[0:31]
							fields not found
0x1206C040 0x4034657C 0x00000000 0x000000FD	WRITE	unknown[0:31]
							fields not found
0x1206C0BC 0x00000009 0x00000000 0x000000FD	WRITE	unknown[0:31]
							fields not found
0x1206C064 0x00421014 0x00000000 0x000000FD	WRITE	unknown[0:31]
							fields not found
0x1206C068 0x00000020 0x00000000 0x000000FD	WRITE	unknown[0:31]
							fields not found
0x1206C074 0x00000000 0x00000000 0x000000FD	WRITE	unknown[0:31]
							fields not found
0x1206C070 0x00000908 0x00000000 0x000000FD	WRITE	unknown[0:31]
							fields not found
0x1206C084 0x0010410A 0x00000000 0x000000FD	WRITE	unknown[0:31]
							fields not found
0x1206D208 0x0002FF00 0x00000000 0x000000FD	WRITE	unknown[0:31]
							fields not found
0x1206D308 0x0002FF00 0x00000000 0x000000FD	WRITE	unknown[0:31]
							fields not found
0x1206C0B0 0x00000000 0x00000000 0x000000FD	WRITE	unknown[0:31]
							fields not found
0x1206C078 0x00003184 0x00000000 0x000000FD	WRITE	unknown[0:31]
							fields not found
0x1206C208 0x00F80000 0x00000000 0x000000FD	WRITE	unknown[0:31]
							fields not found
0x1206C288 0x00F80000 0x00000000 0x000000FD	WRITE	unknown[0:31]
							fields not found
0x1206C308 0x00F80000 0x00000000 0x000000FD	WRITE	unknown[0:31]
							fields not found
0x1206C388 0x00F80000 0x00000000 0x000000FD	WRITE	unknown[0:31]
							fields not found
0x1206C02C 0x00040022 0x00000000 0x000000FD	WRITE	unknown[0:31]
							fields not found
0x1206D064 0xFFFF0770 0x00000000 0x000000FD	WRITE	unknown[0:31]
							fields not found
0x1206C080 0x00010400 0x00000000 0x000000FD	WRITE	unknown[0:31]
							fields not found
0x1206C044 0x00000001 0x00000000 0x000000FD	WRITE	unknown[0:31]
							fields not found
0x1206C0D0 0xF806FB06 0x00000000 0x000000FD	WRITE	unknown[0:31]
							fields not found
0x1206C0DC 0xCA620000 0x00000000 0x000000FD	WRITE	unknown[0:31]
							fields not found
0x1206C114 0x28032100 0x00000000 0x000000FD	WRITE	unknown[0:31]
							fields not found
0x1206C118 0x02040200 0x00000000 0x000000FD	WRITE	unknown[0:31]
							fields not found
0x1206C11C 0x03000090 0x00000000 0x000000FD	WRITE	unknown[0:31]
							fields not found
0x1206D018 0x035C0000 0x00000000 0x000000FD	WRITE	unknown[0:31]
							fields not found
0x1206D204 0x4801F805 0x00000000 0x000000FD	WRITE	unknown[0:31]
							fields not found
0x1206D304 0x4801F805 0x00000000 0x000000FD	WRITE	unknown[0:31]
							fields not found
0x1206D028 0x0003CF03 0x00000000 0x000000FD	WRITE	unknown[0:31]
							fields not found
0x1206D024 0x00000000 0x00000000 0x000000FD	WRITE	unknown[0:31]
							fields not found
0x1206D21C 0x80000000 0x00000000 0x000000FD	WRITE	unknown[0:31]
							fields not found
0x1206D31C 0x80000000 0x00000000 0x000000FD	WRITE	unknown[0:31]
							fields not found
0x1206C274 0x00000008 0x00000000 0x000000FD	WRITE	unknown[0:31]
							fields not found
0x1206C2F4 0x00000008 0x00000000 0x000000FD	WRITE	unknown[0:31]
							fields not found
0x1206C374 0x00000008 0x00000000 0x000000FD	WRITE	unknown[0:31]
							fields not found
0x1206C3F4 0x00000008 0x00000000 0x000000FD	WRITE	unknown[0:31]
							fields not found
0x1206D218 0x00000000 0x00000000 0x000000FD	WRITE	unknown[0:31]
							fields not found
0x1206D318 0x00000000 0x00000000 0x000000FD	WRITE	unknown[0:31]
							fields not found
0x1206D0C8 0x00000000 0x00000000 0x000000FD	WRITE	unknown[0:31]
							fields not found
0x1206D01C 0x08800000 0x00000000 0x000000FD	WRITE	unknown[0:31]
							fields not found
0x1206D020 0x00000008 0x00000000 0x000000FD	WRITE	unknown[0:31]
							fields not found
0x1206D234 0x00000880 0x00000000 0x000000FD	WRITE	unknown[0:31]
							fields not found
0x1206D334 0x00000880 0x00000000 0x000000FD	WRITE	unknown[0:31]
							fields not found
0x1206D210 0x00000008 0x00000000 0x000000FD	WRITE	unknown[0:31]
							fields not found
0x1206D310 0x00000008 0x00000000 0x000000FD	WRITE	unknown[0:31]
							fields not found
0x1206C018 0x00000007 0x00000000 0x000000FD	WRITE	unknown[0:31]
							fields not found
0x12060000 0x00000000 0x000003E8 0x00000000	DELAY   1000
0x1206C018 0x00000000 0x00000000 0x000000FD	WRITE	unknown[0:31]
							fields not found
0x12060000 0x00000000 0x000003E8 0x00000000	DELAY   1000
0x1206C00C 0x80005F0F 0x00000000 0x000000FD	WRITE	unknown[0:31]
							fields not found
0x1206C00C 0x00005F0F 0x00000000 0x000000FD	WRITE	unknown[0:31]
							fields not found
0x12060000 0x00000000 0x000003E8 0x00000000	DELAY   1000
0x1206D248 0x00303656 0x00000000 0x000000FD	WRITE	unknown[0:31]
							fields not found
0x1206D2C8 0x00303656 0x00000000 0x000000FD	WRITE	unknown[0:31]
							fields not found
0x1206D348 0x00303656 0x00000000 0x000000FD	WRITE	unknown[0:31]
							fields not found
0x1206D3C8 0x00303656 0x00000000 0x000000FD	WRITE	unknown[0:31]
							fields not found
0x1206C1D4 0x00000000 0x00000000 0x000000FD	WRITE	unknown[0:31]
							fields not found
0x1206C048 0x60CC00C0 0x00000000 0x000000FD	WRITE	unknown[0:31]
							fields not found
0x1206D258 0x00003000 0x00000000 0x000000FD	WRITE	unknown[0:31]
							fields not found
0x1206D358 0x00003000 0x00000000 0x000000FD	WRITE	unknown[0:31]
							fields not found
0x1206D070 0x00800080 0x00000000 0x000000FD	WRITE	unknown[0:31]
							fields not found
0x1206D050 0x00000000 0x00000000 0x000000FD	WRITE	unknown[0:31]
							fields not found
0x1206D038 0x0000000F 0x00000000 0x000000FD	WRITE	unknown[0:31]
							fields not found
0x1206C128 0x00000016 0x00000000 0x000000FD	WRITE	unknown[0:31]
							fields not found
0x1206D048 0x00000012 0x00000000 0x000000FD	WRITE	unknown[0:31]
							fields not found
0x1206D0AC 0x00000000 0x00000000 0x000000FD	WRITE	unknown[0:31]
							fields not found
0x1206D0B0 0x00000000 0x00000000 0x000000FD	WRITE	unknown[0:31]
							fields not found
0x1206D0B4 0x00000000 0x00000000 0x000000FD	WRITE	unknown[0:31]
							fields not found
0x1206D0B8 0x00000000 0x00000000 0x000000FD	WRITE	unknown[0:31]
							fields not found
0x1206C140 0x00000000 0x00000000 0x000000FD	WRITE	unknown[0:31]
							fields not found
0x1206C144 0x00000000 0x00000000 0x000000FD	WRITE	unknown[0:31]
							fields not found
0x1206C148 0x00000000 0x00000000 0x000000FD	WRITE	unknown[0:31]
							fields not found
0x1206C14C 0x00000000 0x00000000 0x000000FD	WRITE	unknown[0:31]
							fields not found
0x1206C150 0x00000000 0x00000000 0x000000FD	WRITE	unknown[0:31]
							fields not found
0x1206D0BC 0x00000000 0x00000000 0x000000FD	WRITE	unknown[0:31]
							fields not found
0x1206D0C0 0x00000000 0x00000000 0x000000FD	WRITE	unknown[0:31]
							fields not found
0x1206D0C4 0x00000000 0x00000000 0x000000FD	WRITE	unknown[0:31]
							fields not found
0x12040000 0x00000001 0x00000000 0x000000FD	WRITE	muxctrl_reg0[0:31] (FLASH_TRIG pin multiplexing control register.)
							field value[0:1] (FLASH_TRIG pin Function sel) val = 0x1 (flash_trig)
0x12040004 0x00000001 0x00000000 0x000000FD	WRITE	muxctrl_reg1[0:31] (SHUTTER_TRIG pin multiplexing control register.)
							field value[0:1] (SHUTTER_TRIG pin Function sel) val = 0x1 (shutter_trig)
0x1204013C 0x00000002 0x00000000 0x000000FD	WRITE	muxctrl_reg79[0:31] (RGMII_TX_EN pin multiplexing control register.)
							field value[0:1] (RGMII_TX_EN pin Function sel) val = 0x2 (rgmii_tx_en)
0x12040140 0x00000002 0x00000000 0x000000FD	WRITE	muxctrl_reg80[0:31] (RGMII_TX_CLK pin multiplexing control register.)
							field value[0:1] (RGMII_TX_CLK pin Function sel) val = 0x2 (rgmii_tx_clk)
0x12040144 0x00000002 0x00000000 0x000000FD	WRITE	muxctrl_reg81[0:31] (RGMII_TXD0 pin multiplexing control register.)
							field value[0:1] (RGMII_TXD0 pin Function sel) val = 0x2 (rgmii_txd0)
0x12040148 0x00000002 0x00000000 0x000000FD	WRITE	muxctrl_reg82[0:31] (RGMII_TXD1 pin multiplexing control register.)
							field value[0:1] (RGMII_TXD1 pin Function sel) val = 0x2 (rgmii_txd1)
0x1204014C 0x00000002 0x00000000 0x000000FD	WRITE	muxctrl_reg83[0:31] (RGMII_TXD2 pin multiplexing control register.)
							field value[0:1] (RGMII_TXD2 pin Function sel) val = 0x2 (rgmii_txd2)
0x12040150 0x00000002 0x00000000 0x000000FD	WRITE	muxctrl_reg84[0:31] (RGMII_TXD3 pin multiplexing control register.)
							field value[0:1] (RGMII_TXD3 pin Function sel) val = 0x2 (rgmii_txd3)
0x12040154 0x00000002 0x00000000 0x000000FD	WRITE	muxctrl_reg85[0:31] (RGMII_RX_CLK pin multiplexing control register.)
							field value[0:1] (RGMII_RX_CLK pin Function sel) val = 0x2 (rgmii_rx_clk)
0x12040158 0x00000002 0x00000000 0x000000FD	WRITE	muxctrl_reg86[0:31] (RGMII_RX_DV pin multiplexing control register.)
							field value[0:1] (RGMII_RX_DV pin Function sel) val = 0x2 (rgmii_rx_dv)
0x1204015C 0x00000002 0x00000000 0x000000FD	WRITE	muxctrl_reg87[0:31] (RGMII_RXD0 pin multiplexing control register.)
							field value[0:1] (RGMII_RXD0 pin Function sel) val = 0x2 (rgmii_rxd0)
0x12040160 0x00000002 0x00000000 0x000000FD	WRITE	muxctrl_reg88[0:31] (RGMII_RXD1 pin multiplexing control register.)
							field value[0:1] (RGMII_RXD1 pin Function sel) val = 0x2 (rgmii_rxd1)
0x12040164 0x00000002 0x00000000 0x000000FD	WRITE	muxctrl_reg89[0:31] (RGMII_RXD2 pin multiplexing control register.)
							field value[0:1] (RGMII_RXD2 pin Function sel) val = 0x2 (rgmii_rxd2)
0x12040168 0x00000002 0x00000000 0x000000FD	WRITE	muxctrl_reg90[0:31] (RGMII_RXD3 pin multiplexing control register.)
							field value[0:1] (RGMII_RXD3 pin Function sel) val = 0x2 (rgmii_rxd3)
0x1204016C 0x00000002 0x00000000 0x000000FD	WRITE	muxctrl_reg91[0:31] (EPHY_RSTN pin multiplexing control register.)
							field value[0:1] (EPHY_RSTN pin Function sel) val = 0x2 (ephy_rstn)
0x12040170 0x00000002 0x00000000 0x000000FD	WRITE	muxctrl_reg92[0:31] (EPHY_CLK pin multiplexing control register.)
							field value[0:1] (EPHY_CLK pin Function sel) val = 0x2 (ephy_clk)
0x12040174 0x00000002 0x00000000 0x000000FD	WRITE	muxctrl_reg93[0:31] (MDCK pin multiplexing control register.)
							field value[0:1] (MDCK pin Function sel) val = 0x2 (mdck)
0x12040178 0x00000002 0x00000000 0x000000FD	WRITE	muxctrl_reg94[0:31] (MDIO pin multiplexing control register.)
							field value[0:1] (MDIO pin Function sel) val = 0x2 (mdio)
0x1204005C 0x00000001 0x00000000 0x000000FD	WRITE	muxctrl_reg23[0:31] (I2C2_SDA pin multiplexing control register.)
							field value[0:1] (I2C2_SDA pin Function sel) val = 0x1 (i2c2_sda)
0x12040060 0x00000001 0x00000000 0x000000FD	WRITE	muxctrl_reg24[0:31] (I2C2_SCL pin multiplexing control register.)
							field value[0:1] (I2C2_SCL pin Function sel) val = 0x1 (i2c2_csl)
0x120400AC 0x00000001 0x00000000 0x000000FD	WRITE	muxctrl_reg43[0:31] (SDIO0_CARD_POWER_EN pin multiplexing control register.)
							field value[0:1] (SDIO0_CARD_POWER_EN pin Function sel) val = 0x1 (sdio0_card_power_en)
0x120400B0 0x00000001 0x00000000 0x000000FD	WRITE	muxctrl_reg44[0:31] (SDIO0_CARD_DETECT pin multiplexing control register.)
							field value[0:1] (SDIO0_CARD_DETECT pin Function sel) val = 0x1 (sdio0_card_detect)
0x120400B4 0x00000001 0x00000000 0x000000FD	WRITE	muxctrl_reg45[0:31] (SDIO0_CWPR pin multiplexing control register.)
							field value[0:1] (SDIO0_CWPR pin Function sel) val = 0x1 (sdio0_cwpr)
0x120400B8 0x00000001 0x00000000 0x000000FD	WRITE	muxctrl_reg46[0:31] (SDIO0_CCLK_OUT pin multiplexing control register.)
							field value[0:1] (SDIO0_CCLK_OUT pin Function sel) val = 0x1 (sdio0_cclk_out)
0x120400BC 0x00000001 0x00000000 0x000000FD	WRITE	muxctrl_reg47[0:31] (SDIO0_CCMD pin multiplexing control register.)
							field value[0:1] (SDIO0_CCMD pin Function sel) val = 0x1 (sdio0_ccmd)
0x120400C0 0x00000001 0x00000000 0x000000FD	WRITE	muxctrl_reg48[0:31] (SDIO0_CDATA0 pin multiplexing control register.)
							field value[0:1] (SDIO0_CDATA0 pin Function sel) val = 0x1 (sdio0_cdata0)
0x120400C4 0x00000001 0x00000000 0x000000FD	WRITE	muxctrl_reg49[0:31] (SDIO0_CDATA1 pin multiplexing control register.)
							field value[0:1] (SDIO0_CDATA1 pin Function sel) val = 0x1 (sdio0_cdata1)
0x120400C8 0x00000001 0x00000000 0x000000FD	WRITE	muxctrl_reg50[0:31] (SDIO0_CDATA2 pin multiplexing control register.)
							field value[0:1] (SDIO0_CDATA2 pin Function sel) val = 0x1 (sdio0_cdata2)
0x120400CC 0x00000001 0x00000000 0x000000FD	WRITE	muxctrl_reg51[0:31] (SDIO0_CDATA3 pin multiplexing control register.)
							field value[0:1] (SDIO0_CDATA3 pin Function sel) val = 0x1 (sdio0_cdata3)
0x120400D0 0x00000001 0x00000000 0x000000FD	WRITE	muxctrl_reg52[0:31] (SDIO1_CARD_POWER_EN pin multiplexing control register.)
							field value[0:1] (SDIO1_CARD_POWER_EN pin Function sel) val = 0x1 (sdio1_card_power_en)
0x120400D4 0x00000001 0x00000000 0x000000FD	WRITE	muxctrl_reg53[0:31] (SDIO1_CARD_DETECT pin multiplexing control register.)
							field value[0:1] (SDIO1_CARD_DETECT pin Function sel) val = 0x1 (sdio1_card_detect)
0x120400D8 0x00000001 0x00000000 0x000000FD	WRITE	muxctrl_reg54[0:31] (SDIO1_CWPR pin multiplexing control register.)
							field value[0:1] (SDIO1_CWPR pin Function sel) val = 0x1 (sdio1_cwpr)
0x120400DC 0x00000001 0x00000000 0x000000FD	WRITE	muxctrl_reg55[0:31] (SDIO1_CCLK_OUT pin multiplexing control register.)
							field value[0:1] (SDIO1_CCLK_OUT pin Function sel) val = 0x1 (sdio1_cclk_out)
0x120400E0 0x00000001 0x00000000 0x000000FD	WRITE	muxctrl_reg56[0:31] (SDIO1_CCMD pin multiplexing control register.)
							field value[0:1] (SDIO1_CCMD pin Function sel) val = 0x1 (sdio1_ccmd)
0x120400E4 0x00000001 0x00000000 0x000000FD	WRITE	muxctrl_reg57[0:31] (SDIO1_CDATA0 pin multiplexing control register.)
							field value[0:1] (SDIO1_CDATA0 pin Function sel) val = 0x1 (sdio1_cdata0)
0x120400E8 0x00000001 0x00000000 0x000000FD	WRITE	muxctrl_reg58[0:31] (SDIO1_CDATA1 pin multiplexing control register.)
							field value[0:1] (SDIO1_CDATA1 pin Function sel) val = 0x1 (sdio1_cdata1)
0x120400EC 0x00000001 0x00000000 0x000000FD	WRITE	muxctrl_reg59[0:31] (SDIO1_CDATA2 pin multiplexing control register.)
							field value[0:1] (SDIO1_CDATA2 pin Function sel) val = 0x1 (sdio1_cdata2)
0x120400F0 0x00000001 0x00000000 0x000000FD	WRITE	muxctrl_reg60[0:31] (SDIO1_CDATA3 pin multiplexing control register.)
							field value[0:1] (SDIO1_CDATA3 pin Function sel) val = 0x1 (sdio1_cdata3)
0x120400A8 0x00000001 0x00000000 0x000000FD	WRITE	muxctrl_reg42[0:31] (USB3_PWREN pin multiplexing control register.)
							field value[0:1] (USB3_PWREN pin Function sel) val = 0x1 (usb3_pwren)
0x120400F4 0x00000001 0x00000000 0x000000FD	WRITE	muxctrl_reg61[0:31] (USB2_PWREN pin multiplexing control register.)
							field value[0:1] (USB2_PWREN pin Function sel) val = 0x1 (usb2_pwren)
0x120401D8 0x00000001 0x00000000 0x000000FD	WRITE	muxctrl_reg118[0:31] (SAR_ADC_CH1 pin multiplexing control register.)
							field value[0:1] (SAR_ADC_CH1 pin Function sel) val = 0x1 (gpio16_1)
0x120401DC 0x00000001 0x00000000 0x000000FD	WRITE	muxctrl_reg119[0:31] (SAR_ADC_CH2 pin multiplexing control register.)
							field value[0:1] (SAR_ADC_CH2 pin Function sel) val = 0x1 (gpio16_2)
0x12040948 0x0000000D 0x00000000 0x00002025	WRITE	pad_ctrl_reg82[0:4] (RGMII_TX_EN pin drive strength control register.)
							fields not found
0x1204094C 0x0000000C 0x00000000 0x00002025	WRITE	pad_ctrl_reg83[0:4] (RGMII_TX_CLK pin drive strength control register.)
							fields not found
0x12040950 0x0000000D 0x00000000 0x00002025	WRITE	pad_ctrl_reg84[0:4] (RGMII_TXD0 pin drive strength control register.)
							fields not found
0x12040954 0x0000000D 0x00000000 0x00002025	WRITE	pad_ctrl_reg85[0:4] (RGMII_TXD1 pin drive strength control register.)
							fields not found
0x12040958 0x0000000D 0x00000000 0x00002025	WRITE	pad_ctrl_reg86[0:4] (RGMII_TXD2 pin drive strength control register.)
							fields not found
0x1204095C 0x0000000D 0x00000000 0x00002025	WRITE	pad_ctrl_reg87[0:4] (RGMII_TXD3 pin drive strength control register.)
							fields not found
0x1204097C 0x00000005 0x00000000 0x00002025	WRITE	pad_ctrl_reg95[0:4] (EPHY_CLK pin drive strength control register.)
							fields not found
0x12040980 0x00000012 0x00000000 0x00002025	WRITE	pad_ctrl_reg96[0:4] (MDCK pin drive strength control register.)
							fields not found
0x12040984 0x00000012 0x00000000 0x00002025	WRITE	pad_ctrl_reg97[0:4] (MDIO pin drive strength control register.)
							fields not found
0x1204085C 0x00000012 0x00000000 0x00002025	WRITE	pad_ctrl_reg23[0:4] (I2C2_SDA pin drive strength control register.)
							fields not found
0x12040860 0x00000012 0x00000000 0x00002025	WRITE	pad_ctrl_reg24[0:4] (I2C2_SCL pin drive strength control register.)
							fields not found
0x120408C4 0x0000001C 0x00000000 0x00002025	WRITE	pad_ctrl_reg49[0:4] (SDIO0_CCLK_OUT pin drive strength control register.)
							fields not found
0x120408C8 0x0000001E 0x00000000 0x00002025	WRITE	pad_ctrl_reg50[0:4] (SDIO0_CCMD pin drive strength control register.)
							fields not found
0x120408CC 0x0000001E 0x00000000 0x00002025	WRITE	pad_ctrl_reg51[0:4] (SDIO0_CDATA0 pin drive strength control register.)
							fields not found
0x120408D0 0x0000001E 0x00000000 0x00002025	WRITE	pad_ctrl_reg52[0:4] (SDIO0_CDATA1 pin drive strength control register.)
							fields not found
0x120408D4 0x0000001E 0x00000000 0x00002025	WRITE	pad_ctrl_reg53[0:4] (SDIO0_CDATA2 pin drive strength control register.)
							fields not found
0x120408D8 0x0000001E 0x00000000 0x00002025	WRITE	pad_ctrl_reg54[0:4] (SDIO0_CDATA3 pin drive strength control register.)
							fields not found
0x120408E8 0x0000001C 0x00000000 0x00002025	WRITE	pad_ctrl_reg58[0:4] (SDIO1_CCLK_OUT pin drive strength control register.)
							fields not found
0x120408EC 0x0000001E 0x00000000 0x00002025	WRITE	pad_ctrl_reg59[0:4] (SDIO1_CCMD pin drive strength control register.)
							fields not found
0x120408F0 0x0000001E 0x00000000 0x00002025	WRITE	pad_ctrl_reg60[0:4] (SDIO1_CDATA0 pin drive strength control register.)
							fields not found
0x120408F4 0x0000001E 0x00000000 0x00002025	WRITE	pad_ctrl_reg61[0:4] (SDIO1_CDATA1 pin drive strength control register.)
							fields not found
0x120408F8 0x0000001E 0x00000000 0x00002025	WRITE	pad_ctrl_reg62[0:4] (SDIO1_CDATA2 pin drive strength control register.)
							fields not found
0x120408FC 0x0000001E 0x00000000 0x00002025	WRITE	pad_ctrl_reg63[0:4] (SDIO1_CDATA3 pin drive strength control register.)
							fields not found
0x120409A8 0x0000001D 0x00000000 0x00002025	WRITE	pad_ctrl_reg106[0:4] (NF_DQ0 pin drive strength control register.)
							fields not found
0x120409AC 0x0000000C 0x00000000 0x00002025	WRITE	pad_ctrl_reg107[0:4] (NF_DQ1 pin drive strength control register.)
							fields not found
0x120409B4 0x0000001D 0x00000000 0x00002025	WRITE	pad_ctrl_reg109[0:4] (NF_DQ3 pin drive strength control register.)
							fields not found
0x120409C4 0x00000013 0x00000000 0x00002025	WRITE	pad_ctrl_reg113[0:4] (NF_DQ7 pin drive strength control register.)
							fields not found
0x120409C8 0x0000001D 0x00000000 0x00002025	WRITE	pad_ctrl_reg114[0:4] (NF_RDY pin drive strength control register.)
							fields not found
0x120409CC 0x0000001D 0x00000000 0x00002025	WRITE	pad_ctrl_reg115[0:4] (NF_REN pin drive strength control register.)
							fields not found
0x120409D0 0x00000013 0x00000000 0x00002025	WRITE	pad_ctrl_reg116[0:4] (NF_CSN pin drive strength control register.)
							fields not found
0x1204088C 0x00000001 0x00000000 0x00004805	WRITE	pad_ctrl_reg35[0:0] (UART0_RXD pin drive strength control register.)
							fields not found
0x12060204 0x76543210 0x00000000 0x000000FD	WRITE	unknown[0:31]
							fields not found
0x12060214 0x76543210 0x00000000 0x000000FD	WRITE	unknown[0:31]
							fields not found
0x12060224 0x76543210 0x00000000 0x000000FD	WRITE	unknown[0:31]
							fields not found
0x12060234 0x76543210 0x00000000 0x000000FD	WRITE	unknown[0:31]
							fields not found
0x12060244 0x76543210 0x00000000 0x000000FD	WRITE	unknown[0:31]
							fields not found
0x12060254 0x76543210 0x00000000 0x000000FD	WRITE	unknown[0:31]
							fields not found
0x12060264 0x76543210 0x00000000 0x000000FD	WRITE	unknown[0:31]
							fields not found
0x12060274 0x76543210 0x00000000 0x000000FD	WRITE	unknown[0:31]
							fields not found
0x12060208 0x76543210 0x00000000 0x000000FD	WRITE	unknown[0:31]
							fields not found
0x12060218 0x76543210 0x00000000 0x000000FD	WRITE	unknown[0:31]
							fields not found
0x12060228 0x76543210 0x00000000 0x000000FD	WRITE	unknown[0:31]
							fields not found
0x12060238 0x76543210 0x00000000 0x000000FD	WRITE	unknown[0:31]
							fields not found
0x12060248 0x76543210 0x00000000 0x000000FD	WRITE	unknown[0:31]
							fields not found
0x12060258 0x76543210 0x00000000 0x000000FD	WRITE	unknown[0:31]
							fields not found
0x12060268 0x76543210 0x00000000 0x000000FD	WRITE	unknown[0:31]
							fields not found
0x12060278 0x76543210 0x00000000 0x000000FD	WRITE	unknown[0:31]
							fields not found
0x12060200 0x00370000 0x00000000 0x000000FD	WRITE	unknown[0:31]
							fields not found
0x12060210 0x00370000 0x00000000 0x000000FD	WRITE	unknown[0:31]
							fields not found
0x12060220 0x00370000 0x00000000 0x000000FD	WRITE	unknown[0:31]
							fields not found
0x12060230 0x00370000 0x00000000 0x000000FD	WRITE	unknown[0:31]
							fields not found
0x12060240 0x00370000 0x00000000 0x000000FD	WRITE	unknown[0:31]
							fields not found
0x12060250 0x00370000 0x00000000 0x000000FD	WRITE	unknown[0:31]
							fields not found
0x12060260 0x00370000 0x00000000 0x000000FD	WRITE	unknown[0:31]
							fields not found
0x12060270 0x00370000 0x00000000 0x000000FD	WRITE	unknown[0:31]
							fields not found
0x12064000 0x00000002 0x00000000 0x000000FD	WRITE	unknown[0:31]
							fields not found
0x1206410C 0x0000000C 0x00000000 0x000000FD	WRITE	unknown[0:31]
							fields not found
0x12064110 0x0000000C 0x00000000 0x000000FD	WRITE	unknown[0:31]
							fields not found
0x1206408C 0x91D11C10 0x00000000 0x000000FD	WRITE	unknown[0:31]
							fields not found
0x12064090 0x91D11C10 0x00000000 0x000000FD	WRITE	unknown[0:31]
							fields not found
0x120640F4 0x00000033 0x00000000 0x000000FD	WRITE	unknown[0:31]
							fields not found
0x120640EC 0x00000011 0x00000000 0x000000FD	WRITE	unknown[0:31]
							fields not found
0x120640F0 0x00001111 0x00000000 0x000000FD	WRITE	unknown[0:31]
							fields not found
0x120641F4 0x00000000 0x00000000 0x000000FD	WRITE	unknown[0:31]
							fields not found
0x120641F0 0x00000001 0x00000000 0x000000FD	WRITE	unknown[0:31]
							fields not found
0x120641F8 0x00800002 0x00000000 0x000000FD	WRITE	unknown[0:31]
							fields not found
NULL reg found, aborting.
Total  249 lines processed.
